\BOOKMARK [0][-]{chapter.1}{\376\377\000I\000n\000t\000r\000o\000d\000u\000c\000t\000i\000o\000n}{}% 1
\BOOKMARK [1][-]{section.1.1}{\376\377\000I\000n\000s\000t\000a\000l\000l\000a\000t\000i\000o\000n}{chapter.1}% 2
\BOOKMARK [1][-]{section.1.2}{\376\377\000C\000o\000o\000r\000d\000i\000n\000a\000t\000e\000s}{chapter.1}% 3
\BOOKMARK [1][-]{section.1.3}{\376\377\000O\000v\000e\000r\000v\000i\000e\000w}{chapter.1}% 4
\BOOKMARK [1][-]{section.1.4}{\376\377\000A\000c\000k\000n\000o\000w\000l\000e\000d\000g\000e\000m\000e\000n\000t\000s}{chapter.1}% 5
\BOOKMARK [0][-]{chapter.2}{\376\377\000T\000o\000d\000o\000\040\000L\000i\000s\000t}{}% 6
\BOOKMARK [0][-]{chapter.3}{\376\377\000D\000a\000t\000a\000\040\000S\000t\000r\000u\000c\000t\000u\000r\000e\000\040\000I\000n\000d\000e\000x}{}% 7
\BOOKMARK [1][-]{section.3.1}{\376\377\000D\000a\000t\000a\000\040\000S\000t\000r\000u\000c\000t\000u\000r\000e\000s}{chapter.3}% 8
\BOOKMARK [0][-]{chapter.4}{\376\377\000F\000i\000l\000e\000\040\000I\000n\000d\000e\000x}{}% 9
\BOOKMARK [1][-]{section.4.1}{\376\377\000F\000i\000l\000e\000\040\000L\000i\000s\000t}{chapter.4}% 10
\BOOKMARK [0][-]{chapter.5}{\376\377\000D\000a\000t\000a\000\040\000S\000t\000r\000u\000c\000t\000u\000r\000e\000\040\000D\000o\000c\000u\000m\000e\000n\000t\000a\000t\000i\000o\000n}{}% 11
\BOOKMARK [1][-]{section.5.1}{\376\377\000a\000a\000v\000e\000\040\000S\000t\000r\000u\000c\000t\000\040\000R\000e\000f\000e\000r\000e\000n\000c\000e}{chapter.5}% 12
\BOOKMARK [2][-]{subsection.5.1.1}{\376\377\000D\000e\000t\000a\000i\000l\000e\000d\000\040\000D\000e\000s\000c\000r\000i\000p\000t\000i\000o\000n}{section.5.1}% 13
\BOOKMARK [2][-]{subsection.5.1.2}{\376\377\000F\000i\000e\000l\000d\000\040\000D\000o\000c\000u\000m\000e\000n\000t\000a\000t\000i\000o\000n}{section.5.1}% 14
\BOOKMARK [3][-]{subsubsection.5.1.2.1}{\376\377\000a\000r\000e\000a}{subsection.5.1.2}% 15
\BOOKMARK [3][-]{subsubsection.5.1.2.2}{\376\377\000g\000a\000i\000n}{subsection.5.1.2}% 16
\BOOKMARK [3][-]{subsubsection.5.1.2.3}{\376\377\000h\000r\000t\000f\000\137\000f\000r\000a\000m\000e\000s}{subsection.5.1.2}% 17
\BOOKMARK [3][-]{subsubsection.5.1.2.4}{\376\377\000h\000r\000t\000f\000\137\000g\000e\000t}{subsection.5.1.2}% 18
\BOOKMARK [3][-]{subsubsection.5.1.2.5}{\376\377\000h\000r\000t\000f\000\137\000o\000u\000t\000p\000u\000t\000\137\000b\000u\000f\000f\000e\000r}{subsection.5.1.2}% 19
\BOOKMARK [3][-]{subsubsection.5.1.2.6}{\376\377\000h\000r\000t\000f\000\137\000o\000u\000t\000p\000u\000t\000\137\000b\000u\000f\000f\000e\000r\000\137\000i\000n\000d\000e\000x}{subsection.5.1.2}% 20
\BOOKMARK [3][-]{subsubsection.5.1.2.7}{\376\377\000h\000r\000t\000f\000\137\000o\000v\000e\000r\000l\000a\000p\000\137\000a\000d\000d\000\137\000b\000u\000f\000f\000e\000r}{subsection.5.1.2}% 21
\BOOKMARK [3][-]{subsubsection.5.1.2.8}{\376\377\000n\000s\000u\000r\000f\000a\000c\000e\000s}{subsection.5.1.2}% 22
\BOOKMARK [3][-]{subsubsection.5.1.2.9}{\376\377\000o\000r\000i\000e\000n\000t\000a\000t\000i\000o\000n}{subsection.5.1.2}% 23
\BOOKMARK [3][-]{subsubsection.5.1.2.10}{\376\377\000p\000o\000s\000i\000t\000i\000o\000n}{subsection.5.1.2}% 24
\BOOKMARK [3][-]{subsubsection.5.1.2.11}{\376\377\000r\000e\000f\000l\000e\000c\000t\000i\000o\000n\000s}{subsection.5.1.2}% 25
\BOOKMARK [3][-]{subsubsection.5.1.2.12}{\376\377\000r\000e\000v\000e\000r\000b}{subsection.5.1.2}% 26
\BOOKMARK [3][-]{subsubsection.5.1.2.13}{\376\377\000r\000o\000o\000m\000\137\000m\000a\000t\000e\000r\000i\000a\000l\000\137\000a\000b\000s\000o\000r\000p\000t\000i\000o\000n}{subsection.5.1.2}% 27
\BOOKMARK [3][-]{subsubsection.5.1.2.14}{\376\377\000s\000o\000u\000n\000d\000s}{subsection.5.1.2}% 28
\BOOKMARK [3][-]{subsubsection.5.1.2.15}{\376\377\000s\000o\000u\000r\000c\000e\000s}{subsection.5.1.2}% 29
\BOOKMARK [3][-]{subsubsection.5.1.2.16}{\376\377\000s\000u\000r\000f\000a\000c\000e\000s}{subsection.5.1.2}% 30
\BOOKMARK [3][-]{subsubsection.5.1.2.17}{\376\377\000v\000o\000l\000u\000m\000e}{subsection.5.1.2}% 31
\BOOKMARK [1][-]{section.5.2}{\376\377\000a\000a\000v\000e\000\137\000m\000a\000t\000e\000r\000i\000a\000l\000\040\000S\000t\000r\000u\000c\000t\000\040\000R\000e\000f\000e\000r\000e\000n\000c\000e}{chapter.5}% 32
\BOOKMARK [2][-]{subsection.5.2.1}{\376\377\000D\000e\000t\000a\000i\000l\000e\000d\000\040\000D\000e\000s\000c\000r\000i\000p\000t\000i\000o\000n}{section.5.2}% 33
\BOOKMARK [2][-]{subsection.5.2.2}{\376\377\000F\000i\000e\000l\000d\000\040\000D\000o\000c\000u\000m\000e\000n\000t\000a\000t\000i\000o\000n}{section.5.2}% 34
\BOOKMARK [3][-]{subsubsection.5.2.2.1}{\376\377\000n\000a\000m\000e}{subsection.5.2.2}% 35
\BOOKMARK [3][-]{subsubsection.5.2.2.2}{\376\377\000r\000e\000f\000l\000e\000c\000t\000i\000o\000n\000\137\000f\000a\000c\000t\000o\000r\000s}{subsection.5.2.2}% 36
\BOOKMARK [1][-]{section.5.3}{\376\377\000a\000a\000v\000e\000\137\000r\000e\000v\000e\000r\000b\000\040\000S\000t\000r\000u\000c\000t\000\040\000R\000e\000f\000e\000r\000e\000n\000c\000e}{chapter.5}% 37
\BOOKMARK [2][-]{subsection.5.3.1}{\376\377\000F\000i\000e\000l\000d\000\040\000D\000o\000c\000u\000m\000e\000n\000t\000a\000t\000i\000o\000n}{section.5.3}% 38
\BOOKMARK [3][-]{subsubsection.5.3.1.1}{\376\377\000a\000b\000s\000o\000r\000p\000t\000i\000o\000n\000\137\000b\000a\000n\000d\000w\000i\000d\000t\000h}{subsection.5.3.1}% 39
\BOOKMARK [3][-]{subsubsection.5.3.1.2}{\376\377\000a\000b\000s\000o\000r\000p\000t\000i\000o\000n\000\137\000g\000a\000i\000n}{subsection.5.3.1}% 40
\BOOKMARK [3][-]{subsubsection.5.3.1.3}{\376\377\000a\000c\000t\000i\000v\000e}{subsection.5.3.1}% 41
\BOOKMARK [3][-]{subsubsection.5.3.1.4}{\376\377\000a\000l\000p\000h\000a}{subsection.5.3.1}% 42
\BOOKMARK [3][-]{subsubsection.5.3.1.5}{\376\377\000b\000e\000t\000a}{subsection.5.3.1}% 43
\BOOKMARK [3][-]{subsubsection.5.3.1.6}{\376\377\000d\000e\000c\000o\000r\000r\000e\000l\000a\000t\000i\000o\000n\000\137\000c\000o\000e\000f\000s}{subsection.5.3.1}% 44
\BOOKMARK [3][-]{subsubsection.5.3.1.7}{\376\377\000f\000d\000n\000\137\000o\000u\000t\000p\000u\000t\000\137\000t\000a\000p\000s}{subsection.5.3.1}% 45
\BOOKMARK [3][-]{subsubsection.5.3.1.8}{\376\377\000l\000e\000v\000e\000l}{subsection.5.3.1}% 46
\BOOKMARK [3][-]{subsubsection.5.3.1.9}{\376\377\000m\000i\000x}{subsection.5.3.1}% 47
\BOOKMARK [3][-]{subsubsection.5.3.1.10}{\376\377\000p\000r\000e\000\137\000d\000e\000l\000a\000y}{subsection.5.3.1}% 48
\BOOKMARK [3][-]{subsubsection.5.3.1.11}{\376\377\000r\000c}{subsection.5.3.1}% 49
\BOOKMARK [3][-]{subsubsection.5.3.1.12}{\376\377\000R\000T\0006\0000}{subsection.5.3.1}% 50
\BOOKMARK [3][-]{subsubsection.5.3.1.13}{\376\377\000T\000m\000i\000x\000i\000n\000g}{subsection.5.3.1}% 51
\BOOKMARK [1][-]{section.5.4}{\376\377\000a\000a\000v\000e\000\137\000s\000o\000u\000n\000d\000\040\000S\000t\000r\000u\000c\000t\000\040\000R\000e\000f\000e\000r\000e\000n\000c\000e}{chapter.5}% 52
\BOOKMARK [2][-]{subsection.5.4.1}{\376\377\000D\000e\000t\000a\000i\000l\000e\000d\000\040\000D\000e\000s\000c\000r\000i\000p\000t\000i\000o\000n}{section.5.4}% 53
\BOOKMARK [2][-]{subsection.5.4.2}{\376\377\000F\000i\000e\000l\000d\000\040\000D\000o\000c\000u\000m\000e\000n\000t\000a\000t\000i\000o\000n}{section.5.4}% 54
\BOOKMARK [3][-]{subsubsection.5.4.2.1}{\376\377\000a\000u\000d\000i\000b\000l\000e}{subsection.5.4.2}% 55
\BOOKMARK [3][-]{subsubsection.5.4.2.2}{\376\377\000d\000f\000t}{subsection.5.4.2}% 56
\BOOKMARK [3][-]{subsubsection.5.4.2.3}{\376\377\000d\000i\000s\000t\000a\000n\000c\000e}{subsection.5.4.2}% 57
\BOOKMARK [3][-]{subsubsection.5.4.2.4}{\376\377\000d\000i\000s\000t\000a\000n\000c\000e\000\137\000s\000m\000o\000o\000t\000h}{subsection.5.4.2}% 58
\BOOKMARK [3][-]{subsubsection.5.4.2.5}{\376\377\000f\000a\000d\000e\000\137\000s\000a\000m\000p\000l\000e\000s}{subsection.5.4.2}% 59
\BOOKMARK [3][-]{subsubsection.5.4.2.6}{\376\377\000f\000i\000l\000t\000e\000r}{subsection.5.4.2}% 60
\BOOKMARK [3][-]{subsubsection.5.4.2.7}{\376\377\000h\000r\000t\000f}{subsection.5.4.2}% 61
\BOOKMARK [3][-]{subsubsection.5.4.2.8}{\376\377\000i\000m\000a\000g\000e\000\137\000s\000o\000u\000r\000c\000e\000s}{subsection.5.4.2}% 62
\BOOKMARK [3][-]{subsubsection.5.4.2.9}{\376\377\000n\000e\000x\000t}{subsection.5.4.2}% 63
\BOOKMARK [3][-]{subsubsection.5.4.2.10}{\376\377\000p\000o\000s\000i\000t\000i\000o\000n}{subsection.5.4.2}% 64
\BOOKMARK [3][-]{subsubsection.5.4.2.11}{\376\377\000r\000e\000f\000l\000e\000c\000t\000i\000o\000n\000\137\000p\000o\000i\000n\000t\000s}{subsection.5.4.2}% 65
\BOOKMARK [3][-]{subsubsection.5.4.2.12}{\376\377\000s\000o\000u\000r\000c\000e}{subsection.5.4.2}% 66
\BOOKMARK [3][-]{subsubsection.5.4.2.13}{\376\377\000s\000u\000r\000f\000a\000c\000e\000s}{subsection.5.4.2}% 67
\BOOKMARK [1][-]{section.5.5}{\376\377\000a\000a\000v\000e\000\137\000s\000o\000u\000r\000c\000e\000\040\000S\000t\000r\000u\000c\000t\000\040\000R\000e\000f\000e\000r\000e\000n\000c\000e}{chapter.5}% 68
\BOOKMARK [2][-]{subsection.5.5.1}{\376\377\000D\000e\000t\000a\000i\000l\000e\000d\000\040\000D\000e\000s\000c\000r\000i\000p\000t\000i\000o\000n}{section.5.5}% 69
\BOOKMARK [2][-]{subsection.5.5.2}{\376\377\000F\000i\000e\000l\000d\000\040\000D\000o\000c\000u\000m\000e\000n\000t\000a\000t\000i\000o\000n}{section.5.5}% 70
\BOOKMARK [3][-]{subsubsection.5.5.2.1}{\376\377\000a\000a\000v\000e}{subsection.5.5.2}% 71
\BOOKMARK [3][-]{subsubsection.5.5.2.2}{\376\377\000b\000u\000f\000f\000e\000r}{subsection.5.5.2}% 72
\BOOKMARK [3][-]{subsubsection.5.5.2.3}{\376\377\000b\000u\000f\000f\000e\000r\000\137\000i\000n\000d\000e\000x}{subsection.5.5.2}% 73
\BOOKMARK [3][-]{subsubsection.5.5.2.4}{\376\377\000n\000e\000x\000t}{subsection.5.5.2}% 74
\BOOKMARK [3][-]{subsubsection.5.5.2.5}{\376\377\000p\000o\000s\000i\000t\000i\000o\000n}{subsection.5.5.2}% 75
\BOOKMARK [1][-]{section.5.6}{\376\377\000a\000a\000v\000e\000\137\000s\000u\000r\000f\000a\000c\000e\000\040\000S\000t\000r\000u\000c\000t\000\040\000R\000e\000f\000e\000r\000e\000n\000c\000e}{chapter.5}% 76
\BOOKMARK [2][-]{subsection.5.6.1}{\376\377\000D\000e\000t\000a\000i\000l\000e\000d\000\040\000D\000e\000s\000c\000r\000i\000p\000t\000i\000o\000n}{section.5.6}% 77
\BOOKMARK [2][-]{subsection.5.6.2}{\376\377\000F\000i\000e\000l\000d\000\040\000D\000o\000c\000u\000m\000e\000n\000t\000a\000t\000i\000o\000n}{section.5.6}% 78
\BOOKMARK [3][-]{subsubsection.5.6.2.1}{\376\377\000a\000v\000g\000\137\000a\000b\000s\000o\000r\000p\000t\000i\000o\000n\000\137\000c\000o\000e\000f}{subsection.5.6.2}% 79
\BOOKMARK [3][-]{subsubsection.5.6.2.2}{\376\377\000m\000a\000t\000e\000r\000i\000a\000l}{subsection.5.6.2}% 80
\BOOKMARK [3][-]{subsubsection.5.6.2.3}{\376\377\000n\000e\000x\000t}{subsection.5.6.2}% 81
\BOOKMARK [3][-]{subsubsection.5.6.2.4}{\376\377\000n\000o\000r\000m\000a\000l}{subsection.5.6.2}% 82
\BOOKMARK [3][-]{subsubsection.5.6.2.5}{\376\377\000n\000p\000o\000i\000n\000t\000s}{subsection.5.6.2}% 83
\BOOKMARK [3][-]{subsubsection.5.6.2.6}{\376\377\000p\000o\000i\000n\000t\000s}{subsection.5.6.2}% 84
\BOOKMARK [3][-]{subsubsection.5.6.2.7}{\376\377\000v\000e\000r\000s\000o\000r\000s}{subsection.5.6.2}% 85
\BOOKMARK [1][-]{section.5.7}{\376\377\000a\000b\000s\000o\000r\000p\000t\000i\000o\000n\000\137\000f\000i\000l\000t\000e\000r\000\040\000S\000t\000r\000u\000c\000t\000\040\000R\000e\000f\000e\000r\000e\000n\000c\000e}{chapter.5}% 86
\BOOKMARK [2][-]{subsection.5.7.1}{\376\377\000D\000e\000t\000a\000i\000l\000e\000d\000\040\000D\000e\000s\000c\000r\000i\000p\000t\000i\000o\000n}{section.5.7}% 87
\BOOKMARK [2][-]{subsection.5.7.2}{\376\377\000F\000i\000e\000l\000d\000\040\000D\000o\000c\000u\000m\000e\000n\000t\000a\000t\000i\000o\000n}{section.5.7}% 88
\BOOKMARK [3][-]{subsubsection.5.7.2.1}{\376\377\000y}{subsection.5.7.2}% 89
\BOOKMARK [1][-]{section.5.8}{\376\377\000a\000l\000l\000p\000a\000s\000s\000\040\000S\000t\000r\000u\000c\000t\000\040\000R\000e\000f\000e\000r\000e\000n\000c\000e}{chapter.5}% 90
\BOOKMARK [2][-]{subsection.5.8.1}{\376\377\000D\000e\000t\000a\000i\000l\000e\000d\000\040\000D\000e\000s\000c\000r\000i\000p\000t\000i\000o\000n}{section.5.8}% 91
\BOOKMARK [2][-]{subsection.5.8.2}{\376\377\000F\000i\000e\000l\000d\000\040\000D\000o\000c\000u\000m\000e\000n\000t\000a\000t\000i\000o\000n}{section.5.8}% 92
\BOOKMARK [3][-]{subsubsection.5.8.2.1}{\376\377\000b\000u\000f\000f\000e\000r}{subsection.5.8.2}% 93
\BOOKMARK [3][-]{subsubsection.5.8.2.2}{\376\377\000i\000n\000d\000e\000x}{subsection.5.8.2}% 94
\BOOKMARK [3][-]{subsubsection.5.8.2.3}{\376\377\000t\000a\000p}{subsection.5.8.2}% 95
\BOOKMARK [1][-]{section.5.9}{\376\377\000d\000c\000\137\000b\000l\000o\000c\000k\000\137\000f\000i\000l\000t\000e\000r\000\040\000S\000t\000r\000u\000c\000t\000\040\000R\000e\000f\000e\000r\000e\000n\000c\000e}{chapter.5}% 96
\BOOKMARK [2][-]{subsection.5.9.1}{\376\377\000D\000e\000t\000a\000i\000l\000e\000d\000\040\000D\000e\000s\000c\000r\000i\000p\000t\000i\000o\000n}{section.5.9}% 97
\BOOKMARK [2][-]{subsection.5.9.2}{\376\377\000F\000i\000e\000l\000d\000\040\000D\000o\000c\000u\000m\000e\000n\000t\000a\000t\000i\000o\000n}{section.5.9}% 98
\BOOKMARK [3][-]{subsubsection.5.9.2.1}{\376\377\000b}{subsection.5.9.2}% 99
\BOOKMARK [3][-]{subsubsection.5.9.2.2}{\376\377\000x}{subsection.5.9.2}% 100
\BOOKMARK [3][-]{subsubsection.5.9.2.3}{\376\377\000y}{subsection.5.9.2}% 101
\BOOKMARK [1][-]{section.5.10}{\376\377\000d\000e\000c\000a\000y\000\137\000b\000l\000o\000c\000k\000\040\000S\000t\000r\000u\000c\000t\000\040\000R\000e\000f\000e\000r\000e\000n\000c\000e}{chapter.5}% 102
\BOOKMARK [2][-]{subsection.5.10.1}{\376\377\000D\000e\000t\000a\000i\000l\000e\000d\000\040\000D\000e\000s\000c\000r\000i\000p\000t\000i\000o\000n}{section.5.10}% 103
\BOOKMARK [2][-]{subsection.5.10.2}{\376\377\000F\000i\000e\000l\000d\000\040\000D\000o\000c\000u\000m\000e\000n\000t\000a\000t\000i\000o\000n}{section.5.10}% 104
\BOOKMARK [3][-]{subsubsection.5.10.2.1}{\376\377\000a\000p}{subsection.5.10.2}% 105
\BOOKMARK [3][-]{subsubsection.5.10.2.2}{\376\377\000d\000e\000l\000a\000y}{subsection.5.10.2}% 106
\BOOKMARK [3][-]{subsubsection.5.10.2.3}{\376\377\000l\000p}{subsection.5.10.2}% 107
\BOOKMARK [3][-]{subsubsection.5.10.2.4}{\376\377\000o\000u\000t}{subsection.5.10.2}% 108
\BOOKMARK [1][-]{section.5.11}{\376\377\000d\000e\000l\000a\000y\000\040\000S\000t\000r\000u\000c\000t\000\040\000R\000e\000f\000e\000r\000e\000n\000c\000e}{chapter.5}% 109
\BOOKMARK [2][-]{subsection.5.11.1}{\376\377\000D\000e\000t\000a\000i\000l\000e\000d\000\040\000D\000e\000s\000c\000r\000i\000p\000t\000i\000o\000n}{section.5.11}% 110
\BOOKMARK [2][-]{subsection.5.11.2}{\376\377\000F\000i\000e\000l\000d\000\040\000D\000o\000c\000u\000m\000e\000n\000t\000a\000t\000i\000o\000n}{section.5.11}% 111
\BOOKMARK [3][-]{subsubsection.5.11.2.1}{\376\377\000b\000u\000f\000f\000e\000r}{subsection.5.11.2}% 112
\BOOKMARK [3][-]{subsubsection.5.11.2.2}{\376\377\000i\000n\000d\000e\000x}{subsection.5.11.2}% 113
\BOOKMARK [1][-]{section.5.12}{\376\377\000d\000e\000l\000a\000y\000\137\000f\000i\000l\000t\000e\000r\000\040\000S\000t\000r\000u\000c\000t\000\040\000R\000e\000f\000e\000r\000e\000n\000c\000e}{chapter.5}% 114
\BOOKMARK [2][-]{subsection.5.12.1}{\376\377\000D\000e\000t\000a\000i\000l\000e\000d\000\040\000D\000e\000s\000c\000r\000i\000p\000t\000i\000o\000n}{section.5.12}% 115
\BOOKMARK [2][-]{subsection.5.12.2}{\376\377\000F\000i\000e\000l\000d\000\040\000D\000o\000c\000u\000m\000e\000n\000t\000a\000t\000i\000o\000n}{section.5.12}% 116
\BOOKMARK [3][-]{subsubsection.5.12.2.1}{\376\377\000b\000u\000f\000f\000e\000r}{subsection.5.12.2}% 117
\BOOKMARK [3][-]{subsubsection.5.12.2.2}{\376\377\000i\000n\000d\000e\000x}{subsection.5.12.2}% 118
\BOOKMARK [1][-]{section.5.13}{\376\377\000l\000o\000w\000p\000a\000s\000s\000\040\000S\000t\000r\000u\000c\000t\000\040\000R\000e\000f\000e\000r\000e\000n\000c\000e}{chapter.5}% 119
\BOOKMARK [2][-]{subsection.5.13.1}{\376\377\000D\000e\000t\000a\000i\000l\000e\000d\000\040\000D\000e\000s\000c\000r\000i\000p\000t\000i\000o\000n}{section.5.13}% 120
\BOOKMARK [2][-]{subsection.5.13.2}{\376\377\000F\000i\000e\000l\000d\000\040\000D\000o\000c\000u\000m\000e\000n\000t\000a\000t\000i\000o\000n}{section.5.13}% 121
\BOOKMARK [3][-]{subsubsection.5.13.2.1}{\376\377\000y}{subsection.5.13.2}% 122
\BOOKMARK [1][-]{section.5.14}{\376\377\000t\000o\000n\000e\000\137\000c\000o\000r\000r\000e\000c\000t\000i\000o\000n\000\137\000f\000i\000l\000t\000e\000r\000\040\000S\000t\000r\000u\000c\000t\000\040\000R\000e\000f\000e\000r\000e\000n\000c\000e}{chapter.5}% 123
\BOOKMARK [2][-]{subsection.5.14.1}{\376\377\000D\000e\000t\000a\000i\000l\000e\000d\000\040\000D\000e\000s\000c\000r\000i\000p\000t\000i\000o\000n}{section.5.14}% 124
\BOOKMARK [2][-]{subsection.5.14.2}{\376\377\000F\000i\000e\000l\000d\000\040\000D\000o\000c\000u\000m\000e\000n\000t\000a\000t\000i\000o\000n}{section.5.14}% 125
\BOOKMARK [3][-]{subsubsection.5.14.2.1}{\376\377\000y}{subsection.5.14.2}% 126
\BOOKMARK [0][-]{chapter.6}{\376\377\000F\000i\000l\000e\000\040\000D\000o\000c\000u\000m\000e\000n\000t\000a\000t\000i\000o\000n}{}% 127
\BOOKMARK [1][-]{section.6.1}{\376\377\000a\000a\000v\000e\000.\000h\000\040\000F\000i\000l\000e\000\040\000R\000e\000f\000e\000r\000e\000n\000c\000e}{chapter.6}% 128
\BOOKMARK [2][-]{subsection.6.1.1}{\376\377\000D\000e\000t\000a\000i\000l\000e\000d\000\040\000D\000e\000s\000c\000r\000i\000p\000t\000i\000o\000n}{section.6.1}% 129
\BOOKMARK [2][-]{subsection.6.1.2}{\376\377\000M\000a\000c\000r\000o\000\040\000D\000e\000f\000i\000n\000i\000t\000i\000o\000n\000\040\000D\000o\000c\000u\000m\000e\000n\000t\000a\000t\000i\000o\000n}{section.6.1}% 130
\BOOKMARK [3][-]{subsubsection.6.1.2.1}{\376\377\000A\000A\000V\000E\000\137\000F\000S}{subsection.6.1.2}% 131
\BOOKMARK [3][-]{subsubsection.6.1.2.2}{\376\377\000A\000A\000V\000E\000\137\000M\000A\000T\000E\000R\000I\000A\000L\000\137\000R\000E\000F\000L\000E\000C\000T\000I\000O\000N\000\137\000F\000A\000C\000T\000O\000R\000S}{subsection.6.1.2}% 132
\BOOKMARK [3][-]{subsubsection.6.1.2.3}{\376\377\000A\000A\000V\000E\000\137\000M\000A\000X\000\137\000H\000R\000T\000F}{subsection.6.1.2}% 133
\BOOKMARK [3][-]{subsubsection.6.1.2.4}{\376\377\000A\000A\000V\000E\000\137\000M\000A\000X\000\137\000R\000E\000F\000L\000E\000C\000T\000I\000O\000N\000S}{subsection.6.1.2}% 134
\BOOKMARK [3][-]{subsubsection.6.1.2.5}{\376\377\000A\000A\000V\000E\000\137\000S\000O\000U\000N\000D\000\137\000S\000P\000E\000E\000D}{subsection.6.1.2}% 135
\BOOKMARK [3][-]{subsubsection.6.1.2.6}{\376\377\000A\000A\000V\000E\000\137\000S\000O\000U\000R\000C\000E\000\137\000B\000U\000F\000S\000I\000Z\000E}{subsection.6.1.2}% 136
\BOOKMARK [3][-]{subsubsection.6.1.2.7}{\376\377\000F\000D\000N\000\137\000O\000R\000D\000E\000R}{subsection.6.1.2}% 137
\BOOKMARK [2][-]{subsection.6.1.3}{\376\377\000F\000u\000n\000c\000t\000i\000o\000n\000\040\000D\000o\000c\000u\000m\000e\000n\000t\000a\000t\000i\000o\000n}{section.6.1}% 138
\BOOKMARK [3][-]{subsubsection.6.1.3.1}{\376\377\000a\000a\000v\000e\000\137\000a\000d\000d\000\137\000s\000o\000u\000r\000c\000e}{subsection.6.1.3}% 139
\BOOKMARK [3][-]{subsubsection.6.1.3.2}{\376\377\000a\000a\000v\000e\000\137\000a\000d\000d\000\137\000s\000u\000r\000f\000a\000c\000e}{subsection.6.1.3}% 140
\BOOKMARK [3][-]{subsubsection.6.1.3.3}{\376\377\000a\000a\000v\000e\000\137\000g\000e\000t\000\137\000a\000u\000d\000i\000o}{subsection.6.1.3}% 141
\BOOKMARK [3][-]{subsubsection.6.1.3.4}{\376\377\000a\000a\000v\000e\000\137\000g\000e\000t\000\137\000c\000o\000o\000r\000d\000i\000n\000a\000t\000e\000s}{subsection.6.1.3}% 142
\BOOKMARK [3][-]{subsubsection.6.1.3.5}{\376\377\000a\000a\000v\000e\000\137\000g\000e\000t\000\137\000m\000a\000t\000e\000r\000i\000a\000l}{subsection.6.1.3}% 143
\BOOKMARK [3][-]{subsubsection.6.1.3.6}{\376\377\000a\000a\000v\000e\000\137\000g\000e\000t\000\137\000m\000a\000t\000e\000r\000i\000a\000l\000\137\000f\000i\000l\000t\000e\000r}{subsection.6.1.3}% 144
\BOOKMARK [3][-]{subsubsection.6.1.3.7}{\376\377\000a\000a\000v\000e\000\137\000h\000r\000t\000f\000\137\000c\000i\000p\000i\000c}{subsection.6.1.3}% 145
\BOOKMARK [3][-]{subsubsection.6.1.3.8}{\376\377\000a\000a\000v\000e\000\137\000h\000r\000t\000f\000\137\000l\000i\000s\000t\000e\000n}{subsection.6.1.3}% 146
\BOOKMARK [3][-]{subsubsection.6.1.3.9}{\376\377\000a\000a\000v\000e\000\137\000h\000r\000t\000f\000\137\000m\000i\000t}{subsection.6.1.3}% 147
\BOOKMARK [3][-]{subsubsection.6.1.3.10}{\376\377\000a\000a\000v\000e\000\137\000h\000r\000t\000f\000\137\000t\000u\000b}{subsection.6.1.3}% 148
\BOOKMARK [3][-]{subsubsection.6.1.3.11}{\376\377\000a\000a\000v\000e\000\137\000i\000n\000i\000t}{subsection.6.1.3}% 149
\BOOKMARK [3][-]{subsubsection.6.1.3.12}{\376\377\000a\000a\000v\000e\000\137\000i\000n\000i\000t\000\137\000s\000o\000u\000r\000c\000e}{subsection.6.1.3}% 150
\BOOKMARK [3][-]{subsubsection.6.1.3.13}{\376\377\000a\000a\000v\000e\000\137\000p\000u\000t\000\137\000a\000u\000d\000i\000o}{subsection.6.1.3}% 151
\BOOKMARK [3][-]{subsubsection.6.1.3.14}{\376\377\000a\000a\000v\000e\000\137\000r\000e\000a\000d\000\137\000o\000b\000j}{subsection.6.1.3}% 152
\BOOKMARK [3][-]{subsubsection.6.1.3.15}{\376\377\000a\000a\000v\000e\000\137\000r\000e\000v\000e\000r\000b\000\137\000d\000a\000t\000t\000o\000r\000r\000o}{subsection.6.1.3}% 153
\BOOKMARK [3][-]{subsubsection.6.1.3.16}{\376\377\000a\000a\000v\000e\000\137\000r\000e\000v\000e\000r\000b\000\137\000j\000o\000t}{subsection.6.1.3}% 154
\BOOKMARK [3][-]{subsubsection.6.1.3.17}{\376\377\000a\000a\000v\000e\000\137\000s\000e\000t\000\137\000l\000i\000s\000t\000e\000n\000e\000r\000\137\000o\000r\000i\000e\000n\000t\000a\000t\000i\000o\000n}{subsection.6.1.3}% 155
\BOOKMARK [3][-]{subsubsection.6.1.3.18}{\376\377\000a\000a\000v\000e\000\137\000s\000e\000t\000\137\000l\000i\000s\000t\000e\000n\000e\000r\000\137\000p\000o\000s\000i\000t\000i\000o\000n}{subsection.6.1.3}% 156
\BOOKMARK [3][-]{subsubsection.6.1.3.19}{\376\377\000a\000a\000v\000e\000\137\000s\000e\000t\000\137\000s\000o\000u\000r\000c\000e\000\137\000p\000o\000s\000i\000t\000i\000o\000n}{subsection.6.1.3}% 157
\BOOKMARK [3][-]{subsubsection.6.1.3.20}{\376\377\000a\000a\000v\000e\000\137\000u\000p\000d\000a\000t\000e}{subsection.6.1.3}% 158
\BOOKMARK [3][-]{subsubsection.6.1.3.21}{\376\377\000d\000f\000t\000\137\000i\000n\000d\000e\000x}{subsection.6.1.3}% 159
\BOOKMARK [3][-]{subsubsection.6.1.3.22}{\376\377\000i\000n\000i\000t\000\137\000r\000e\000v\000e\000r\000b}{subsection.6.1.3}% 160
\BOOKMARK [2][-]{subsection.6.1.4}{\376\377\000V\000a\000r\000i\000a\000b\000l\000e\000\040\000D\000o\000c\000u\000m\000e\000n\000t\000a\000t\000i\000o\000n}{section.6.1}% 161
\BOOKMARK [3][-]{subsubsection.6.1.4.1}{\376\377\000a\000a\000v\000e\000\137\000m\000a\000t\000e\000r\000i\000a\000l\000\137\000n\000o\000n\000e}{subsection.6.1.4}% 162
\BOOKMARK [1][-]{section.6.2}{\376\377\000a\000u\000d\000i\000o\000.\000c\000\040\000F\000i\000l\000e\000\040\000R\000e\000f\000e\000r\000e\000n\000c\000e}{chapter.6}% 163
\BOOKMARK [2][-]{subsection.6.2.1}{\376\377\000D\000e\000t\000a\000i\000l\000e\000d\000\040\000D\000e\000s\000c\000r\000i\000p\000t\000i\000o\000n}{section.6.2}% 164
\BOOKMARK [2][-]{subsection.6.2.2}{\376\377\000M\000a\000c\000r\000o\000\040\000D\000e\000f\000i\000n\000i\000t\000i\000o\000n\000\040\000D\000o\000c\000u\000m\000e\000n\000t\000a\000t\000i\000o\000n}{section.6.2}% 165
\BOOKMARK [3][-]{subsubsection.6.2.2.1}{\376\377\000A\000A\000V\000E\000\137\000D\000I\000S\000T\000A\000N\000C\000E\000\137\000B\0001}{subsection.6.2.2}% 166
\BOOKMARK [3][-]{subsubsection.6.2.2.2}{\376\377\000A\000A\000V\000E\000\137\000F\000A\000D\000E\000\137\000S\000A\000M\000P\000L\000E\000S}{subsection.6.2.2}% 167
\BOOKMARK [3][-]{subsubsection.6.2.2.3}{\376\377\000D\000F\000T\000\137\000T\000Y\000P\000E}{subsection.6.2.2}% 168
\BOOKMARK [3][-]{subsubsection.6.2.2.4}{\376\377\000I\000D\000F\000T\000\137\000T\000Y\000P\000E}{subsection.6.2.2}% 169
\BOOKMARK [2][-]{subsection.6.2.3}{\376\377\000F\000u\000n\000c\000t\000i\000o\000n\000\040\000D\000o\000c\000u\000m\000e\000n\000t\000a\000t\000i\000o\000n}{section.6.2}% 170
\BOOKMARK [3][-]{subsubsection.6.2.3.1}{\376\377\000a\000a\000v\000e\000\137\000a\000u\000d\000i\000o\000\137\000s\000o\000u\000r\000c\000e\000\137\000b\000l\000o\000c\000k}{subsection.6.2.3}% 171
\BOOKMARK [3][-]{subsubsection.6.2.3.2}{\376\377\000a\000a\000v\000e\000\137\000g\000e\000t\000\137\000a\000u\000d\000i\000o}{subsection.6.2.3}% 172
\BOOKMARK [3][-]{subsubsection.6.2.3.3}{\376\377\000a\000a\000v\000e\000\137\000h\000r\000t\000f\000\137\000a\000d\000d\000\137\000s\000o\000u\000n\000d}{subsection.6.2.3}% 173
\BOOKMARK [3][-]{subsubsection.6.2.3.4}{\376\377\000a\000a\000v\000e\000\137\000h\000r\000t\000f\000\137\000f\000i\000l\000l\000\137\000o\000u\000t\000p\000u\000t\000\137\000b\000u\000f\000f\000e\000r}{subsection.6.2.3}% 174
\BOOKMARK [3][-]{subsubsection.6.2.3.5}{\376\377\000a\000a\000v\000e\000\137\000p\000u\000t\000\137\000a\000u\000d\000i\000o}{subsection.6.2.3}% 175
\BOOKMARK [3][-]{subsubsection.6.2.3.6}{\376\377\000a\000t\000t\000e\000n\000u\000a\000t\000i\000o\000n}{subsection.6.2.3}% 176
\BOOKMARK [3][-]{subsubsection.6.2.3.7}{\376\377\000c\000m\000a\000d\000d}{subsection.6.2.3}% 177
\BOOKMARK [3][-]{subsubsection.6.2.3.8}{\376\377\000c\000m\000u\000l}{subsection.6.2.3}% 178
\BOOKMARK [3][-]{subsubsection.6.2.3.9}{\376\377\000f\000a\000d\000e\000\137\000i\000n\000\137\000g\000a\000i\000n}{subsection.6.2.3}% 179
\BOOKMARK [3][-]{subsubsection.6.2.3.10}{\376\377\000f\000a\000d\000e\000\137\000o\000u\000t\000\137\000g\000a\000i\000n}{subsection.6.2.3}% 180
\BOOKMARK [1][-]{section.6.3}{\376\377\000d\000f\000t\000.\000h\000\040\000F\000i\000l\000e\000\040\000R\000e\000f\000e\000r\000e\000n\000c\000e}{chapter.6}% 181
\BOOKMARK [2][-]{subsection.6.3.1}{\376\377\000D\000e\000t\000a\000i\000l\000e\000d\000\040\000D\000e\000s\000c\000r\000i\000p\000t\000i\000o\000n}{section.6.3}% 182
\BOOKMARK [2][-]{subsection.6.3.2}{\376\377\000F\000u\000n\000c\000t\000i\000o\000n\000\040\000D\000o\000c\000u\000m\000e\000n\000t\000a\000t\000i\000o\000n}{section.6.3}% 183
\BOOKMARK [3][-]{subsubsection.6.3.2.1}{\376\377\000d\000f\000t}{subsection.6.3.2}% 184
\BOOKMARK [2][-]{subsection.6.3.3}{\376\377\000V\000a\000r\000i\000a\000b\000l\000e\000\040\000D\000o\000c\000u\000m\000e\000n\000t\000a\000t\000i\000o\000n}{section.6.3}% 185
\BOOKMARK [3][-]{subsubsection.6.3.3.1}{\376\377\000d\000f\000t\000s\000i\000n\000c\000o\000s}{subsection.6.3.3}% 186
\BOOKMARK [1][-]{section.6.4}{\376\377\000d\000f\000t\000i\000n\000d\000e\000x\000.\000c\000\040\000F\000i\000l\000e\000\040\000R\000e\000f\000e\000r\000e\000n\000c\000e}{chapter.6}% 187
\BOOKMARK [2][-]{subsection.6.4.1}{\376\377\000D\000e\000t\000a\000i\000l\000e\000d\000\040\000D\000e\000s\000c\000r\000i\000p\000t\000i\000o\000n}{section.6.4}% 188
\BOOKMARK [2][-]{subsection.6.4.2}{\376\377\000F\000u\000n\000c\000t\000i\000o\000n\000\040\000D\000o\000c\000u\000m\000e\000n\000t\000a\000t\000i\000o\000n}{section.6.4}% 189
\BOOKMARK [3][-]{subsubsection.6.4.2.1}{\376\377\000d\000f\000t\000\137\000i\000n\000d\000e\000x}{subsection.6.4.2}% 190
\BOOKMARK [2][-]{subsection.6.4.3}{\376\377\000V\000a\000r\000i\000a\000b\000l\000e\000\040\000D\000o\000c\000u\000m\000e\000n\000t\000a\000t\000i\000o\000n}{section.6.4}% 191
\BOOKMARK [3][-]{subsubsection.6.4.3.1}{\376\377\000d\000f\000t\000\137\000i\000n\000d\000e\000x\000\137\000t\000a\000b\000l\000e}{subsection.6.4.3}% 192
\BOOKMARK [1][-]{section.6.5}{\376\377\000g\000e\000o\000m\000e\000t\000r\000y\000.\000c\000\040\000F\000i\000l\000e\000\040\000R\000e\000f\000e\000r\000e\000n\000c\000e}{chapter.6}% 193
\BOOKMARK [2][-]{subsection.6.5.1}{\376\377\000D\000e\000t\000a\000i\000l\000e\000d\000\040\000D\000e\000s\000c\000r\000i\000p\000t\000i\000o\000n}{section.6.5}% 194
\BOOKMARK [2][-]{subsection.6.5.2}{\376\377\000F\000u\000n\000c\000t\000i\000o\000n\000\040\000D\000o\000c\000u\000m\000e\000n\000t\000a\000t\000i\000o\000n}{section.6.5}% 195
\BOOKMARK [3][-]{subsubsection.6.5.2.1}{\376\377\000a\000a\000v\000e\000\137\000a\000d\000d\000\137\000s\000o\000u\000r\000c\000e}{subsection.6.5.2}% 196
\BOOKMARK [3][-]{subsubsection.6.5.2.2}{\376\377\000a\000a\000v\000e\000\137\000a\000d\000d\000\137\000s\000u\000r\000f\000a\000c\000e}{subsection.6.5.2}% 197
\BOOKMARK [3][-]{subsubsection.6.5.2.3}{\376\377\000a\000a\000v\000e\000\137\000b\000u\000i\000l\000d\000\137\000s\000o\000u\000n\000d\000\137\000p\000a\000t\000h}{subsection.6.5.2}% 198
\BOOKMARK [3][-]{subsubsection.6.5.2.4}{\376\377\000a\000a\000v\000e\000\137\000c\000r\000e\000a\000t\000e\000\137\000s\000o\000u\000n\000d}{subsection.6.5.2}% 199
\BOOKMARK [3][-]{subsubsection.6.5.2.5}{\376\377\000a\000a\000v\000e\000\137\000c\000r\000e\000a\000t\000e\000\137\000s\000o\000u\000n\000d\000s}{subsection.6.5.2}% 200
\BOOKMARK [3][-]{subsubsection.6.5.2.6}{\376\377\000a\000a\000v\000e\000\137\000c\000r\000e\000a\000t\000e\000\137\000s\000o\000u\000n\000d\000s\000\137\000r\000e\000c\000u\000r\000s\000i\000v\000e\000l\000y}{subsection.6.5.2}% 201
\BOOKMARK [3][-]{subsubsection.6.5.2.7}{\376\377\000a\000a\000v\000e\000\137\000g\000e\000t\000\137\000c\000o\000o\000r\000d\000i\000n\000a\000t\000e\000s}{subsection.6.5.2}% 202
\BOOKMARK [3][-]{subsubsection.6.5.2.8}{\376\377\000a\000a\000v\000e\000\137\000i\000m\000a\000g\000e\000\137\000s\000o\000u\000r\000c\000e}{subsection.6.5.2}% 203
\BOOKMARK [3][-]{subsubsection.6.5.2.9}{\376\377\000a\000a\000v\000e\000\137\000i\000n\000t\000e\000r\000s\000e\000c\000t\000i\000o\000n}{subsection.6.5.2}% 204
\BOOKMARK [3][-]{subsubsection.6.5.2.10}{\376\377\000a\000a\000v\000e\000\137\000i\000s\000\137\000v\000i\000s\000i\000b\000l\000e}{subsection.6.5.2}% 205
\BOOKMARK [3][-]{subsubsection.6.5.2.11}{\376\377\000a\000a\000v\000e\000\137\000s\000e\000t\000\137\000l\000i\000s\000t\000e\000n\000e\000r\000\137\000o\000r\000i\000e\000n\000t\000a\000t\000i\000o\000n}{subsection.6.5.2}% 206
\BOOKMARK [3][-]{subsubsection.6.5.2.12}{\376\377\000a\000a\000v\000e\000\137\000s\000e\000t\000\137\000l\000i\000s\000t\000e\000n\000e\000r\000\137\000p\000o\000s\000i\000t\000i\000o\000n}{subsection.6.5.2}% 207
\BOOKMARK [3][-]{subsubsection.6.5.2.13}{\376\377\000a\000a\000v\000e\000\137\000s\000e\000t\000\137\000s\000o\000u\000r\000c\000e\000\137\000p\000o\000s\000i\000t\000i\000o\000n}{subsection.6.5.2}% 208
\BOOKMARK [3][-]{subsubsection.6.5.2.14}{\376\377\000a\000a\000v\000e\000\137\000u\000p\000d\000a\000t\000e}{subsection.6.5.2}% 209
\BOOKMARK [3][-]{subsubsection.6.5.2.15}{\376\377\000a\000a\000v\000e\000\137\000u\000p\000d\000a\000t\000e\000\137\000s\000o\000u\000n\000d}{subsection.6.5.2}% 210
\BOOKMARK [3][-]{subsubsection.6.5.2.16}{\376\377\000c\000r\000o\000s\000s\000\137\000p\000r\000o\000d\000u\000c\000t}{subsection.6.5.2}% 211
\BOOKMARK [3][-]{subsubsection.6.5.2.17}{\376\377\000d\000o\000t\000\137\000p\000r\000o\000d\000u\000c\000t}{subsection.6.5.2}% 212
\BOOKMARK [3][-]{subsubsection.6.5.2.18}{\376\377\000l\000o\000c\000a\000l\000\137\000c\000o\000o\000r\000d\000i\000n\000a\000t\000e\000s}{subsection.6.5.2}% 213
\BOOKMARK [3][-]{subsubsection.6.5.2.19}{\376\377\000n\000o\000r\000m}{subsection.6.5.2}% 214
\BOOKMARK [3][-]{subsubsection.6.5.2.20}{\376\377\000n\000o\000r\000m\000a\000l\000i\000s\000e}{subsection.6.5.2}% 215
\BOOKMARK [1][-]{section.6.6}{\376\377\000h\000r\000t\000f\000\137\000c\000i\000p\000i\000c\000.\000c\000\040\000F\000i\000l\000e\000\040\000R\000e\000f\000e\000r\000e\000n\000c\000e}{chapter.6}% 216
\BOOKMARK [2][-]{subsection.6.6.1}{\376\377\000D\000e\000t\000a\000i\000l\000e\000d\000\040\000D\000e\000s\000c\000r\000i\000p\000t\000i\000o\000n}{section.6.6}% 217
\BOOKMARK [2][-]{subsection.6.6.2}{\376\377\000M\000a\000c\000r\000o\000\040\000D\000e\000f\000i\000n\000i\000t\000i\000o\000n\000\040\000D\000o\000c\000u\000m\000e\000n\000t\000a\000t\000i\000o\000n}{section.6.6}% 218
\BOOKMARK [3][-]{subsubsection.6.6.2.1}{\376\377\000h\000r\000t\000f\000\137\000c\000i\000p\000i\000c\000\137\000s\000e\000t}{subsection.6.6.2}% 219
\BOOKMARK [2][-]{subsection.6.6.3}{\376\377\000F\000u\000n\000c\000t\000i\000o\000n\000\040\000D\000o\000c\000u\000m\000e\000n\000t\000a\000t\000i\000o\000n}{section.6.6}% 220
\BOOKMARK [3][-]{subsubsection.6.6.3.1}{\376\377\000a\000a\000v\000e\000\137\000h\000r\000t\000f\000\137\000c\000i\000p\000i\000c}{subsection.6.6.3}% 221
\BOOKMARK [3][-]{subsubsection.6.6.3.2}{\376\377\000a\000a\000v\000e\000\137\000h\000r\000t\000f\000\137\000c\000i\000p\000i\000c\000\137\000g\000e\000t}{subsection.6.6.3}% 222
\BOOKMARK [2][-]{subsection.6.6.4}{\376\377\000V\000a\000r\000i\000a\000b\000l\000e\000\040\000D\000o\000c\000u\000m\000e\000n\000t\000a\000t\000i\000o\000n}{section.6.6}% 223
\BOOKMARK [3][-]{subsubsection.6.6.4.1}{\376\377\000h\000r\000t\000f\000\137\000c\000i\000p\000i\000c\000\137\000s\000e\000t\000\137\0000\0000\0008}{subsection.6.6.4}% 224
\BOOKMARK [1][-]{section.6.7}{\376\377\000h\000r\000t\000f\000\137\000l\000i\000s\000t\000e\000n\000.\000c\000\040\000F\000i\000l\000e\000\040\000R\000e\000f\000e\000r\000e\000n\000c\000e}{chapter.6}% 225
\BOOKMARK [2][-]{subsection.6.7.1}{\376\377\000D\000e\000t\000a\000i\000l\000e\000d\000\040\000D\000e\000s\000c\000r\000i\000p\000t\000i\000o\000n}{section.6.7}% 226
\BOOKMARK [2][-]{subsection.6.7.2}{\376\377\000F\000u\000n\000c\000t\000i\000o\000n\000\040\000D\000o\000c\000u\000m\000e\000n\000t\000a\000t\000i\000o\000n}{section.6.7}% 227
\BOOKMARK [3][-]{subsubsection.6.7.2.1}{\376\377\000a\000a\000v\000e\000\137\000h\000r\000t\000f\000\137\000l\000i\000s\000t\000e\000n}{subsection.6.7.2}% 228
\BOOKMARK [3][-]{subsubsection.6.7.2.2}{\376\377\000a\000a\000v\000e\000\137\000h\000r\000t\000f\000\137\000l\000i\000s\000t\000e\000n\000\137\000g\000e\000t}{subsection.6.7.2}% 229
\BOOKMARK [2][-]{subsection.6.7.3}{\376\377\000V\000a\000r\000i\000a\000b\000l\000e\000\040\000D\000o\000c\000u\000m\000e\000n\000t\000a\000t\000i\000o\000n}{section.6.7}% 230
\BOOKMARK [3][-]{subsubsection.6.7.3.1}{\376\377\000h\000r\000t\000f\000\137\000l\000i\000s\000t\000e\000n\000\137\000s\000e\000t\000\137\0001\0000\0004\0000}{subsection.6.7.3}% 231
\BOOKMARK [1][-]{section.6.8}{\376\377\000h\000r\000t\000f\000\137\000m\000i\000t\000.\000c\000\040\000F\000i\000l\000e\000\040\000R\000e\000f\000e\000r\000e\000n\000c\000e}{chapter.6}% 232
\BOOKMARK [2][-]{subsection.6.8.1}{\376\377\000D\000e\000t\000a\000i\000l\000e\000d\000\040\000D\000e\000s\000c\000r\000i\000p\000t\000i\000o\000n}{section.6.8}% 233
\BOOKMARK [2][-]{subsection.6.8.2}{\376\377\000F\000u\000n\000c\000t\000i\000o\000n\000\040\000D\000o\000c\000u\000m\000e\000n\000t\000a\000t\000i\000o\000n}{section.6.8}% 234
\BOOKMARK [3][-]{subsubsection.6.8.2.1}{\376\377\000a\000a\000v\000e\000\137\000h\000r\000t\000f\000\137\000m\000i\000t}{subsection.6.8.2}% 235
\BOOKMARK [3][-]{subsubsection.6.8.2.2}{\376\377\000a\000a\000v\000e\000\137\000h\000r\000t\000f\000\137\000m\000i\000t\000\137\000g\000e\000t}{subsection.6.8.2}% 236
\BOOKMARK [2][-]{subsection.6.8.3}{\376\377\000V\000a\000r\000i\000a\000b\000l\000e\000\040\000D\000o\000c\000u\000m\000e\000n\000t\000a\000t\000i\000o\000n}{section.6.8}% 237
\BOOKMARK [3][-]{subsubsection.6.8.3.1}{\376\377\000h\000r\000t\000f\000\137\000m\000i\000t\000\137\000s\000e\000t}{subsection.6.8.3}% 238
\BOOKMARK [1][-]{section.6.9}{\376\377\000h\000r\000t\000f\000\137\000t\000u\000b\000.\000c\000\040\000F\000i\000l\000e\000\040\000R\000e\000f\000e\000r\000e\000n\000c\000e}{chapter.6}% 239
\BOOKMARK [2][-]{subsection.6.9.1}{\376\377\000D\000e\000t\000a\000i\000l\000e\000d\000\040\000D\000e\000s\000c\000r\000i\000p\000t\000i\000o\000n}{section.6.9}% 240
\BOOKMARK [2][-]{subsection.6.9.2}{\376\377\000F\000u\000n\000c\000t\000i\000o\000n\000\040\000D\000o\000c\000u\000m\000e\000n\000t\000a\000t\000i\000o\000n}{section.6.9}% 241
\BOOKMARK [3][-]{subsubsection.6.9.2.1}{\376\377\000a\000a\000v\000e\000\137\000h\000r\000t\000f\000\137\000t\000u\000b}{subsection.6.9.2}% 242
\BOOKMARK [3][-]{subsubsection.6.9.2.2}{\376\377\000a\000a\000v\000e\000\137\000h\000r\000t\000f\000\137\000t\000u\000b\000\137\000g\000e\000t}{subsection.6.9.2}% 243
\BOOKMARK [2][-]{subsection.6.9.3}{\376\377\000V\000a\000r\000i\000a\000b\000l\000e\000\040\000D\000o\000c\000u\000m\000e\000n\000t\000a\000t\000i\000o\000n}{section.6.9}% 244
\BOOKMARK [3][-]{subsubsection.6.9.3.1}{\376\377\000h\000r\000t\000f\000\137\000t\000u\000b\000\137\000s\000e\000t}{subsection.6.9.3}% 245
\BOOKMARK [1][-]{section.6.10}{\376\377\000i\000d\000f\000t\000.\000h\000\040\000F\000i\000l\000e\000\040\000R\000e\000f\000e\000r\000e\000n\000c\000e}{chapter.6}% 246
\BOOKMARK [2][-]{subsection.6.10.1}{\376\377\000D\000e\000t\000a\000i\000l\000e\000d\000\040\000D\000e\000s\000c\000r\000i\000p\000t\000i\000o\000n}{section.6.10}% 247
\BOOKMARK [2][-]{subsection.6.10.2}{\376\377\000F\000u\000n\000c\000t\000i\000o\000n\000\040\000D\000o\000c\000u\000m\000e\000n\000t\000a\000t\000i\000o\000n}{section.6.10}% 248
\BOOKMARK [3][-]{subsubsection.6.10.2.1}{\376\377\000i\000d\000f\000t}{subsection.6.10.2}% 249
\BOOKMARK [2][-]{subsection.6.10.3}{\376\377\000V\000a\000r\000i\000a\000b\000l\000e\000\040\000D\000o\000c\000u\000m\000e\000n\000t\000a\000t\000i\000o\000n}{section.6.10}% 250
\BOOKMARK [3][-]{subsubsection.6.10.3.1}{\376\377\000d\000f\000t\000s\000i\000n\000c\000o\000s}{subsection.6.10.3}% 251
\BOOKMARK [1][-]{section.6.11}{\376\377\000i\000n\000i\000t\000.\000c\000\040\000F\000i\000l\000e\000\040\000R\000e\000f\000e\000r\000e\000n\000c\000e}{chapter.6}% 252
\BOOKMARK [2][-]{subsection.6.11.1}{\376\377\000D\000e\000t\000a\000i\000l\000e\000d\000\040\000D\000e\000s\000c\000r\000i\000p\000t\000i\000o\000n}{section.6.11}% 253
\BOOKMARK [2][-]{subsection.6.11.2}{\376\377\000F\000u\000n\000c\000t\000i\000o\000n\000\040\000D\000o\000c\000u\000m\000e\000n\000t\000a\000t\000i\000o\000n}{section.6.11}% 254
\BOOKMARK [3][-]{subsubsection.6.11.2.1}{\376\377\000a\000a\000v\000e\000\137\000i\000n\000i\000t}{subsection.6.11.2}% 255
\BOOKMARK [3][-]{subsubsection.6.11.2.2}{\376\377\000a\000a\000v\000e\000\137\000i\000n\000i\000t\000\137\000s\000o\000u\000r\000c\000e}{subsection.6.11.2}% 256
\BOOKMARK [1][-]{section.6.12}{\376\377\000m\000a\000t\000e\000r\000i\000a\000l\000.\000c\000\040\000F\000i\000l\000e\000\040\000R\000e\000f\000e\000r\000e\000n\000c\000e}{chapter.6}% 257
\BOOKMARK [2][-]{subsection.6.12.1}{\376\377\000D\000e\000t\000a\000i\000l\000e\000d\000\040\000D\000e\000s\000c\000r\000i\000p\000t\000i\000o\000n}{section.6.12}% 258
\BOOKMARK [2][-]{subsection.6.12.2}{\376\377\000M\000a\000c\000r\000o\000\040\000D\000e\000f\000i\000n\000i\000t\000i\000o\000n\000\040\000D\000o\000c\000u\000m\000e\000n\000t\000a\000t\000i\000o\000n}{section.6.12}% 259
\BOOKMARK [3][-]{subsubsection.6.12.2.1}{\376\377\000D\000F\000T\000\137\000T\000Y\000P\000E}{subsection.6.12.2}% 260
\BOOKMARK [3][-]{subsubsection.6.12.2.2}{\376\377\000I\000D\000F\000T\000\137\000T\000Y\000P\000E}{subsection.6.12.2}% 261
\BOOKMARK [3][-]{subsubsection.6.12.2.3}{\376\377\000N}{subsection.6.12.2}% 262
\BOOKMARK [2][-]{subsection.6.12.3}{\376\377\000F\000u\000n\000c\000t\000i\000o\000n\000\040\000D\000o\000c\000u\000m\000e\000n\000t\000a\000t\000i\000o\000n}{section.6.12}% 263
\BOOKMARK [3][-]{subsubsection.6.12.3.1}{\376\377\000a\000a\000v\000e\000\137\000g\000e\000t\000\137\000m\000a\000t\000e\000r\000i\000a\000l}{subsection.6.12.3}% 264
\BOOKMARK [3][-]{subsubsection.6.12.3.2}{\376\377\000a\000a\000v\000e\000\137\000g\000e\000t\000\137\000m\000a\000t\000e\000r\000i\000a\000l\000\137\000f\000i\000l\000t\000e\000r}{subsection.6.12.3}% 265
\BOOKMARK [3][-]{subsubsection.6.12.3.3}{\376\377\000a\000a\000v\000e\000\137\000m\000a\000t\000e\000r\000i\000a\000l\000\137\000f\000i\000l\000t\000e\000r}{subsection.6.12.3}% 266
\BOOKMARK [2][-]{subsection.6.12.4}{\376\377\000V\000a\000r\000i\000a\000b\000l\000e\000\040\000D\000o\000c\000u\000m\000e\000n\000t\000a\000t\000i\000o\000n}{section.6.12}% 267
\BOOKMARK [3][-]{subsubsection.6.12.4.1}{\376\377\000a\000a\000v\000e\000\137\000m\000a\000t\000e\000r\000i\000a\000l\000\137\000n\000o\000n\000e}{subsection.6.12.4}% 268
\BOOKMARK [3][-]{subsubsection.6.12.4.2}{\376\377\000a\000a\000v\000e\000\137\000m\000a\000t\000e\000r\000i\000a\000l\000s}{subsection.6.12.4}% 269
\BOOKMARK [1][-]{section.6.13}{\376\377\000o\000b\000j\000.\000c\000\040\000F\000i\000l\000e\000\040\000R\000e\000f\000e\000r\000e\000n\000c\000e}{chapter.6}% 270
\BOOKMARK [2][-]{subsection.6.13.1}{\376\377\000D\000e\000t\000a\000i\000l\000e\000d\000\040\000D\000e\000s\000c\000r\000i\000p\000t\000i\000o\000n}{section.6.13}% 271
\BOOKMARK [2][-]{subsection.6.13.2}{\376\377\000M\000a\000c\000r\000o\000\040\000D\000e\000f\000i\000n\000i\000t\000i\000o\000n\000\040\000D\000o\000c\000u\000m\000e\000n\000t\000a\000t\000i\000o\000n}{section.6.13}% 272
\BOOKMARK [3][-]{subsubsection.6.13.2.1}{\376\377\000M\000A\000X\000\137\000V\000E\000R\000T\000I\000C\000E\000S}{subsection.6.13.2}% 273
\BOOKMARK [2][-]{subsection.6.13.3}{\376\377\000F\000u\000n\000c\000t\000i\000o\000n\000\040\000D\000o\000c\000u\000m\000e\000n\000t\000a\000t\000i\000o\000n}{section.6.13}% 274
\BOOKMARK [3][-]{subsubsection.6.13.3.1}{\376\377\000a\000a\000v\000e\000\137\000r\000e\000a\000d\000\137\000o\000b\000j}{subsection.6.13.3}% 275
\BOOKMARK [1][-]{section.6.14}{\376\377\000r\000e\000v\000e\000r\000b\000\137\000d\000a\000t\000t\000o\000r\000r\000o\000.\000c\000\040\000F\000i\000l\000e\000\040\000R\000e\000f\000e\000r\000e\000n\000c\000e}{chapter.6}% 276
\BOOKMARK [2][-]{subsection.6.14.1}{\376\377\000D\000e\000t\000a\000i\000l\000e\000d\000\040\000D\000e\000s\000c\000r\000i\000p\000t\000i\000o\000n}{section.6.14}% 277
\BOOKMARK [2][-]{subsection.6.14.2}{\376\377\000M\000a\000c\000r\000o\000\040\000D\000e\000f\000i\000n\000i\000t\000i\000o\000n\000\040\000D\000o\000c\000u\000m\000e\000n\000t\000a\000t\000i\000o\000n}{section.6.14}% 278
\BOOKMARK [3][-]{subsubsection.6.14.2.1}{\376\377\000B\000A\000N\000D\000W\000I\000D\000T\000H}{subsection.6.14.2}% 279
\BOOKMARK [3][-]{subsubsection.6.14.2.2}{\376\377\000D\000A\000M\000P\000I\000N\000G}{subsection.6.14.2}% 280
\BOOKMARK [3][-]{subsubsection.6.14.2.3}{\376\377\000D\000E\000C\000A\000Y}{subsection.6.14.2}% 281
\BOOKMARK [3][-]{subsubsection.6.14.2.4}{\376\377\000D\000E\000C\000A\000Y\000\137\000D\000I\000F\000F\000U\000S\000I\000O\000N\000\137\0001}{subsection.6.14.2}% 282
\BOOKMARK [3][-]{subsubsection.6.14.2.5}{\376\377\000I\000N\000P\000U\000T\000\137\000D\000I\000F\000F\000U\000S\000I\000O\000N\000\137\0001}{subsection.6.14.2}% 283
\BOOKMARK [3][-]{subsubsection.6.14.2.6}{\376\377\000P\000R\000E\000D\000E\000L\000A\000Y}{subsection.6.14.2}% 284
\BOOKMARK [3][-]{subsubsection.6.14.2.7}{\376\377\000W\000E\000T}{subsection.6.14.2}% 285
\BOOKMARK [2][-]{subsection.6.14.3}{\376\377\000F\000u\000n\000c\000t\000i\000o\000n\000\040\000D\000o\000c\000u\000m\000e\000n\000t\000a\000t\000i\000o\000n}{section.6.14}% 286
\BOOKMARK [3][-]{subsubsection.6.14.3.1}{\376\377\000a\000a\000v\000e\000\137\000r\000e\000v\000e\000r\000b\000\137\000d\000a\000t\000t\000o\000r\000r\000o}{subsection.6.14.3}% 287
\BOOKMARK [3][-]{subsubsection.6.14.3.2}{\376\377\000a\000l\000l\000p\000a\000s\000s}{subsection.6.14.3}% 288
\BOOKMARK [3][-]{subsubsection.6.14.3.3}{\376\377\000d\000e\000c\000a\000y\000\137\000b\000l\000o\000c\000k}{subsection.6.14.3}% 289
\BOOKMARK [3][-]{subsubsection.6.14.3.4}{\376\377\000d\000e\000l\000a\000y}{subsection.6.14.3}% 290
\BOOKMARK [3][-]{subsubsection.6.14.3.5}{\376\377\000l\000o\000w\000p\000a\000s\000s}{subsection.6.14.3}% 291
\BOOKMARK [1][-]{section.6.15}{\376\377\000r\000e\000v\000e\000r\000b\000\137\000j\000o\000t\000.\000c\000\040\000F\000i\000l\000e\000\040\000R\000e\000f\000e\000r\000e\000n\000c\000e}{chapter.6}% 292
\BOOKMARK [2][-]{subsection.6.15.1}{\376\377\000D\000e\000t\000a\000i\000l\000e\000d\000\040\000D\000e\000s\000c\000r\000i\000p\000t\000i\000o\000n}{section.6.15}% 293
\BOOKMARK [2][-]{subsection.6.15.2}{\376\377\000M\000a\000c\000r\000o\000\040\000D\000e\000f\000i\000n\000i\000t\000i\000o\000n\000\040\000D\000o\000c\000u\000m\000e\000n\000t\000a\000t\000i\000o\000n}{section.6.15}% 294
\BOOKMARK [3][-]{subsubsection.6.15.2.1}{\376\377\000M\000A\000X\000\137\000D\000E\000L\000A\000Y\000\137\000T\000I\000M\000E}{subsection.6.15.2}% 295
\BOOKMARK [2][-]{subsection.6.15.3}{\376\377\000F\000u\000n\000c\000t\000i\000o\000n\000\040\000D\000o\000c\000u\000m\000e\000n\000t\000a\000t\000i\000o\000n}{section.6.15}% 296
\BOOKMARK [3][-]{subsubsection.6.15.3.1}{\376\377\000a\000a\000v\000e\000\137\000r\000e\000v\000e\000r\000b\000\137\000j\000o\000t}{subsection.6.15.3}% 297
\BOOKMARK [3][-]{subsubsection.6.15.3.2}{\376\377\000i\000n\000i\000t\000\137\000r\000e\000v\000e\000r\000b}{subsection.6.15.3}% 298
\BOOKMARK [3][-]{subsubsection.6.15.3.3}{\376\377\000p\000r\000o\000c\000e\000s\000s\000\137\000a\000b\000s\000o\000r\000p\000t\000i\000o\000n\000\137\000f\000i\000l\000t\000e\000r}{subsection.6.15.3}% 299
\BOOKMARK [3][-]{subsubsection.6.15.3.4}{\376\377\000p\000r\000o\000c\000e\000s\000s\000\137\000d\000c\000\137\000b\000l\000o\000c\000k\000\137\000f\000i\000l\000t\000e\000r}{subsection.6.15.3}% 300
\BOOKMARK [3][-]{subsubsection.6.15.3.5}{\376\377\000p\000r\000o\000c\000e\000s\000s\000\137\000d\000e\000l\000a\000y\000\137\000f\000i\000l\000t\000e\000r}{subsection.6.15.3}% 301
\BOOKMARK [3][-]{subsubsection.6.15.3.6}{\376\377\000p\000r\000o\000c\000e\000s\000s\000\137\000t\000o\000n\000e\000\137\000c\000o\000r\000r\000e\000c\000t\000i\000o\000n\000\137\000f\000i\000l\000t\000e\000r}{subsection.6.15.3}% 302
\BOOKMARK [2][-]{subsection.6.15.4}{\376\377\000V\000a\000r\000i\000a\000b\000l\000e\000\040\000D\000o\000c\000u\000m\000e\000n\000t\000a\000t\000i\000o\000n}{section.6.15}% 303
\BOOKMARK [3][-]{subsubsection.6.15.4.1}{\376\377\000f\000e\000e\000d\000b\000a\000c\000k\000\137\000d\000e\000l\000a\000y\000s}{subsection.6.15.4}% 304
\BOOKMARK [0][-]{chapter.7}{\376\377\000E\000x\000a\000m\000p\000l\000e\000\040\000D\000o\000c\000u\000m\000e\000n\000t\000a\000t\000i\000o\000n}{}% 305
\BOOKMARK [1][-]{section.7.1}{\376\377\000e\000x\000a\000m\000p\000l\000e\000s\000/\000c\000i\000r\000c\000l\000e\000.\000c}{chapter.7}% 306
\BOOKMARK [1][-]{section.7.2}{\376\377\000e\000x\000a\000m\000p\000l\000e\000s\000/\000e\000l\000e\000v\000a\000t\000i\000o\000n\000.\000c}{chapter.7}% 307
\BOOKMARK [1][-]{section.7.3}{\376\377\000e\000x\000a\000m\000p\000l\000e\000s\000/\000l\000i\000n\000e\000.\000c}{chapter.7}% 308
\BOOKMARK [1][-]{section.7.4}{\376\377\000e\000x\000a\000m\000p\000l\000e\000s\000/\000s\000t\000r\000e\000a\000m\000.\000c}{chapter.7}% 309
\BOOKMARK [-1][-]{section*.51}{\376\377\000I\000n\000d\000e\000x}{}% 310
